  [i] Checking for user 'pihole'...[K  [âœ“] Checking for user 'pihole'
  [i] Installing scripts from /etc/.pihole...[K  [âœ“] Installing scripts from /etc/.pihole

  [i] Installing configs from /etc/.pihole...
  [i] Existing dnsmasq.conf found... it is not a Pi-hole file, leaving alone!
  [i] Copying 01-pihole.conf to /etc/dnsmasq.d/01-pihole.conf...[K  [âœ“] Copying 01-pihole.conf to /etc/dnsmasq.d/01-pihole.conf

  [i] Installing blocking page...
  [i] Creating directory for blocking page, and copying files...[K  [âœ“] Creating directory for blocking page, and copying files
  [i] Backing up index.lighttpd.html...[K  [âœ—] Backing up index.lighttpd.html
      No default index.lighttpd.html file found... not backing up

  [i] Installing sudoer file...[K  [âœ“] Installing sudoer file

  [i] Installing latest Cron script...[K  [âœ“] Installing latest Cron script

  [i] Installing latest logrotate script...[K  [âœ“] Installing latest logrotate script
  [i] Backing up /etc/dnsmasq.conf to /etc/dnsmasq.conf.old

[?1049h[22;0;0t[1;24r[4l[?25l(B[m[1;24r[H[2J[1;1H[K
[K
[K
[K
[K
[K
[K
[K
[K
[K
[K
[K
[K
[K
[K
[K
[K
[K
[K
[K
[K
[K
[K
[K[1;1H[3;6Hâ”Œâ”€â”€â”€â”€â”€â”€â”€â”€â”€â”€â”€â”€â”€â”€â”€â”€â”€â”€â”€â”€â”€â”€â”€â”€â”¤ Firewall in use â”œâ”€â”€â”€â”€â”€â”€â”€â”€â”€â”€â”€â”€â”€â”€â”€â”€â”€â”€â”€â”€â”€â”€â”€â”€â”€â”[4;6Hâ”‚                                                                    â”‚ [5;6Hâ”‚ We have detected a running firewall                                â”‚ [6;6Hâ”‚                                                                    â”‚ [7;6Hâ”‚ Pi-hole currently requires HTTP and DNS port access.               â”‚ [8;6Hâ”‚                                                                    â”‚ [9;6Hâ”‚                                                                    â”‚ [10;6Hâ”‚                                                                    â”‚ [11;6Hâ”‚ Install Pi-hole default firewall rules?                            â”‚ [12;6Hâ”‚                                                                    â”‚ [13;6Hâ”‚                                                                    â”‚ [14;6Hâ”‚                                                                    â”‚ [15;6Hâ”‚                                                                    â”‚ [16;6Hâ”‚                                                                    â”‚ [17;6Hâ”‚                                                                    â”‚ [18;6Hâ”‚                                                                    â”‚ [19;6Hâ”‚                                                                    â”‚ [20;6Hâ”‚                  <Yes>                     <No>                    â”‚ [21;6Hâ”‚                                                                    â”‚ [22;6Hâ””â”€â”€â”€â”€â”€â”€â”€â”€â”€â”€â”€â”€â”€â”€â”€â”€â”€â”€â”€â”€â”€â”€â”€â”€â”€â”€â”€â”€â”€â”€â”€â”€â”€â”€â”€â”€â”€â”€â”€â”€â”€â”€â”€â”€â”€â”€â”€â”€â”€â”€â”€â”€â”€â”€â”€â”€â”€â”€â”€â”€â”€â”€â”€â”€â”€â”€â”€â”€â”˜ [23;7H                                                                      [20;26H<Yes>[21C<No>[20;52H[20;25H<Yes>[21C<No>[20;26H[?12l[?25h



(B[m[K[?1049l[23;0;0t  [âœ“] Installing new IPTables firewall rulesets
  [i] Testing man page installation[K  [âœ“] man pages installed and database updated
